Flow report for AP9
Fri Dec 15 15:39:22 2017
Quartus II 64-Bit Version 13.0.1 Build 232 06/12/2013 Service Pack 1 SJ Full Version


---------------------
; Table of Contents ;
---------------------
  1. Legal Notice
  2. Flow Summary
  3. Flow Settings
  4. Flow Non-Default Global Settings
  5. Flow Elapsed Time
  6. Flow OS Summary
  7. Flow Log
  8. Flow Messages
  9. Flow Suppressed Messages



----------------
; Legal Notice ;
----------------
Copyright (C) 1991-2013 Altera Corporation
Your use of Altera Corporation's design tools, logic functions 
and other software and tools, and its AMPP partner logic 
functions, and any output files from any of the foregoing 
(including device programming or simulation files), and any 
associated documentation or information are expressly subject 
to the terms and conditions of the Altera Program License 
Subscription Agreement, Altera MegaCore Function License 
Agreement, or other applicable license agreement, including, 
without limitation, that your use is for the sole purpose of 
programming logic devices manufactured by Altera and sold by 
Altera or its authorized distributors.  Please refer to the 
applicable agreement for further details.



+----------------------------------------------------------------------------------------+
; Flow Summary                                                                           ;
+-------------------------------------+--------------------------------------------------+
; Flow Status                         ; Successful - Fri Dec 15 15:38:35 2017            ;
; Quartus II 64-Bit Version           ; 13.0.1 Build 232 06/12/2013 SP 1 SJ Full Version ;
; Revision Name                       ; AP9                                              ;
; Top-level Entity Name               ; AP9                                              ;
; Family                              ; Cyclone V                                        ;
; Device                              ; 5CEBA4F23C7                                      ;
; Timing Models                       ; Final                                            ;
; Logic utilization (in ALMs)         ; 2,428 / 18,480 ( 13 % )                          ;
; Total registers                     ; 1200                                             ;
; Total pins                          ; 26 / 224 ( 12 % )                                ;
; Total virtual pins                  ; 0                                                ;
; Total block memory bits             ; 421,888 / 3,153,920 ( 13 % )                     ;
; Total DSP Blocks                    ; 0 / 66 ( 0 % )                                   ;
; Total HSSI RX PCSs                  ; 0                                                ;
; Total HSSI PMA RX Deserializers     ; 0                                                ;
; Total HSSI PMA RX ATT Deserializers ; 0                                                ;
; Total HSSI TX PCSs                  ; 0                                                ;
; Total HSSI PMA TX Serializers       ; 0                                                ;
; Total HSSI PMA TX ATT Serializers   ; 0                                                ;
; Total PLLs                          ; 0 / 4 ( 0 % )                                    ;
; Total DLLs                          ; 0 / 4 ( 0 % )                                    ;
+-------------------------------------+--------------------------------------------------+


+-----------------------------------------+
; Flow Settings                           ;
+-------------------+---------------------+
; Option            ; Setting             ;
+-------------------+---------------------+
; Start date & time ; 12/15/2017 15:35:16 ;
; Main task         ; Compilation         ;
; Revision Name     ; AP9                 ;
+-------------------+---------------------+


+------------------------------------------------------------------------------------------------------------------------+
; Flow Non-Default Global Settings                                                                                       ;
+-------------------------------------+---------------------------------------+---------------+-------------+------------+
; Assignment Name                     ; Value                                 ; Default Value ; Entity Name ; Section Id ;
+-------------------------------------+---------------------------------------+---------------+-------------+------------+
; BLOCK_DESIGN_NAMING                 ; QuartusII                             ; Auto          ; --          ; --         ;
; COMPILER_SIGNATURE_ID               ; 62580476984789.151335931606056        ; --            ; --          ; --         ;
; IP_TOOL_NAME                        ; ROM: 1-PORT                           ; --            ; --          ; --         ;
; IP_TOOL_NAME                        ; RAM: 1-PORT                           ; --            ; --          ; --         ;
; IP_TOOL_VERSION                     ; 10.1                                  ; --            ; --          ; --         ;
; IP_TOOL_VERSION                     ; 13.0                                  ; --            ; --          ; --         ;
; MAX_CORE_JUNCTION_TEMP              ; 85                                    ; --            ; --          ; --         ;
; MIN_CORE_JUNCTION_TEMP              ; 0                                     ; --            ; --          ; --         ;
; MISC_FILE                           ; lpm_rom0.bsf                          ; --            ; --          ; --         ;
; MISC_FILE                           ; lpm_rom0.cmp                          ; --            ; --          ; --         ;
; MISC_FILE                           ; RAM.bsf                               ; --            ; --          ; --         ;
; MISC_FILE                           ; RAM.cmp                               ; --            ; --          ; --         ;
; PARTITION_COLOR                     ; 16764057                              ; --            ; --          ; Top        ;
; PARTITION_FITTER_PRESERVATION_LEVEL ; PLACEMENT_AND_ROUTING                 ; --            ; --          ; Top        ;
; PARTITION_NETLIST_TYPE              ; SOURCE                                ; --            ; --          ; Top        ;
; POWER_BOARD_THERMAL_MODEL           ; None (CONSERVATIVE)                   ; --            ; --          ; --         ;
; POWER_PRESET_COOLING_SOLUTION       ; 23 MM HEAT SINK WITH 200 LFPM AIRFLOW ; --            ; --          ; --         ;
; SMART_RECOMPILE                     ; On                                    ; Off           ; --          ; --         ;
; SYNTH_TIMING_DRIVEN_SYNTHESIS       ; Off                                   ; On            ; --          ; --         ;
+-------------------------------------+---------------------------------------+---------------+-------------+------------+


+-------------------------------------------------------------------------------------------------------------------------------+
; Flow Elapsed Time                                                                                                             ;
+---------------------------+--------------+-------------------------+---------------------+------------------------------------+
; Module Name               ; Elapsed Time ; Average Processors Used ; Peak Virtual Memory ; Total CPU Time (on all processors) ;
+---------------------------+--------------+-------------------------+---------------------+------------------------------------+
; Analysis & Synthesis      ; 00:01:14     ; 1.0                     ; 837 MB              ; 00:00:43                           ;
; Fitter                    ; 00:01:51     ; 2.0                     ; 2049 MB             ; 00:01:46                           ;
; Assembler                 ; 00:00:38     ; 1.0                     ; 631 MB              ; 00:00:07                           ;
; TimeQuest Timing Analyzer ; 00:00:46     ; 1.9                     ; 1148 MB             ; 00:00:25                           ;
; Total                     ; 00:04:29     ; --                      ; --                  ; 00:03:01                           ;
+---------------------------+--------------+-------------------------+---------------------+------------------------------------+


+----------------------------------------------------------------------------------------+
; Flow OS Summary                                                                        ;
+---------------------------+------------------+-----------+------------+----------------+
; Module Name               ; Machine Hostname ; OS Name   ; OS Version ; Processor type ;
+---------------------------+------------------+-----------+------------+----------------+
; Analysis & Synthesis      ; 6-305-20         ; Windows 7 ; 6.2        ; x86_64         ;
; Fitter                    ; 6-305-20         ; Windows 7 ; 6.2        ; x86_64         ;
; Assembler                 ; 6-305-20         ; Windows 7 ; 6.2        ; x86_64         ;
; TimeQuest Timing Analyzer ; 6-305-20         ; Windows 7 ; 6.2        ; x86_64         ;
+---------------------------+------------------+-----------+------------+----------------+


------------
; Flow Log ;
------------
quartus_map --read_settings_files=on --write_settings_files=off AP9 -c AP9
quartus_fit --read_settings_files=off --write_settings_files=off AP9 -c AP9
quartus_asm --read_settings_files=off --write_settings_files=off AP9 -c AP9
quartus_sta AP9 -c AP9



